venv: /zhome/06/4/136859/dft_venv/bin/activate
[1675865305.161795] [n-62-28-30:20335:0]          ib_md.c:1063 UCX  WARN  IB: ibv_fork_init() was disabled or failed, yet a fork() has been issued.
[1675865305.161979] [n-62-28-30:20335:0]          ib_md.c:1064 UCX  WARN  IB: data corruption might occur when using registered memory.

------------------------------------------------------------
Sender: LSF System <lsfadmin@hpc.dtu.dk>
Subject: Job 15333505: <atomization_of_water.py> in cluster <dcc> Done

Job <atomization_of_water.py> was submitted from host <gbarlogin1> by user <s183553> in cluster <dcc> at Wed Feb  8 15:08:19 2023
Job was executed on host(s) <n-62-28-30>, in queue <hpc>, as user <s183553> in cluster <dcc> at Wed Feb  8 15:08:20 2023
</zhome/06/4/136859> was used as the home directory.
</zhome/06/4/136859/dft_course/CX1_CX2> was used as the working directory.
Started at Wed Feb  8 15:08:20 2023
Terminated at Wed Feb  8 15:08:55 2023
Results reported at Wed Feb  8 15:08:55 2023

Your job looked like:

------------------------------------------------------------
# LSBATCH: User input
#!/bin/bash -l
id=$LSB_JOBID
mq=/zhome/06/4/136859/dft_course/.myqueue/lsf-$id
source /zhome/06/4/136859/dft_venv/bin/activate
echo "venv: /zhome/06/4/136859/dft_venv/bin/activate"
(touch $mq-0 && \
 cd '/zhome/06/4/136859/dft_course/CX1_CX2' && \
 python3 atomization_of_water.py && \
 touch $mq-1) || \
(touch $mq-2; exit 1)

------------------------------------------------------------

Successfully completed.

Resource usage summary:

    CPU time :                                   32.21 sec.
    Max Memory :                                 141 MB
    Average Memory :                             141.00 MB
    Total Requested Memory :                     6144.00 MB
    Delta Memory :                               6003.00 MB
    Max Swap :                                   -
    Max Processes :                              6
    Max Threads :                                13
    Run time :                                   151 sec.
    Turnaround time :                            36 sec.

The output (if any) is above this job summary.



PS:

Read file </zhome/06/4/136859/dft_course/CX1_CX2/atomization_of_water.py.15333505.err> for stderr output of this job.

