venv: /zhome/06/4/136859/dft_venv/bin/activate

------------------------------------------------------------
Sender: LSF System <lsfadmin@hpc.dtu.dk>
Subject: Job 15332328: <CX1_2.ipynb> in cluster <dcc> Exited

Job <CX1_2.ipynb> was submitted from host <n-62-30-8> by user <s183553> in cluster <dcc> at Wed Feb  8 14:33:27 2023
Job was executed on host(s) <n-62-28-28>, in queue <hpc>, as user <s183553> in cluster <dcc> at Wed Feb  8 14:33:28 2023
</zhome/06/4/136859> was used as the home directory.
</zhome/06/4/136859/dft_course/CX1_CX2> was used as the working directory.
Started at Wed Feb  8 14:33:28 2023
Terminated at Wed Feb  8 14:33:31 2023
Results reported at Wed Feb  8 14:33:31 2023

Your job looked like:

------------------------------------------------------------
# LSBATCH: User input
#!/bin/bash -l
id=$LSB_JOBID
mq=/zhome/06/4/136859/dft_course/.myqueue/lsf-$id
source /zhome/06/4/136859/dft_venv/bin/activate
echo "venv: /zhome/06/4/136859/dft_venv/bin/activate"
(touch $mq-0 && \
 cd '/zhome/06/4/136859/dft_course/CX1_CX2' && \
 python3 -m CX1_2.ipynb && \
 touch $mq-1) || \
(touch $mq-2; exit 1)

------------------------------------------------------------

Exited with exit code 1.

Resource usage summary:

    CPU time :                                   1.28 sec.
    Max Memory :                                 -
    Average Memory :                             -
    Total Requested Memory :                     6144.00 MB
    Delta Memory :                               -
    Max Swap :                                   -
    Max Processes :                              -
    Max Threads :                                -
    Run time :                                   2 sec.
    Turnaround time :                            4 sec.

The output (if any) is above this job summary.



PS:

Read file </zhome/06/4/136859/dft_course/CX1_CX2/CX1_2.ipynb.15332328.err> for stderr output of this job.

