venv: /zhome/06/4/136859/dft_venv/bin/activate
                Step[ FC]     Time          Energy          fmax
*Force-consistent energies used in optimization.
BFGSLineSearch:    0[  0] 15:25:56       -9.313801*       5.8622
BFGSLineSearch:    1[  1] 15:25:56      -10.846138*       7.7659
BFGSLineSearch:    2[  2] 15:25:57      -12.601781*       7.3392
BFGSLineSearch:    3[  3] 15:25:57      -13.334419*       4.4396
BFGSLineSearch:    4[  5] 15:25:58      -13.505857*       2.8911
BFGSLineSearch:    5[  7] 15:25:59      -13.704775*       1.0850
BFGSLineSearch:    6[  9] 15:26:00      -13.719613*       0.1253
BFGSLineSearch:    7[ 10] 15:26:00      -13.719917*       0.0452
BFGSLineSearch:    8[ 13] 15:26:01      -13.720894*       0.1739
BFGSLineSearch:    9[ 14] 15:26:01      -13.721606*       0.1324
BFGSLineSearch:   10[ 17] 15:26:02      -13.722264*       0.0669
BFGSLineSearch:   11[ 19] 15:26:03      -13.722340*       0.0901
BFGSLineSearch:   12[ 22] 15:26:04      -13.725560*       0.1854
BFGSLineSearch:   13[ 24] 15:26:04      -13.726008*       0.0868
BFGSLineSearch:   14[ 26] 15:26:05      -13.726385*       0.0816
BFGSLineSearch:   15[ 29] 15:26:06      -13.726591*       0.0317
BFGSLineSearch:   16[ 32] 15:26:06      -13.726671*       0.0288
BFGSLineSearch:   17[ 33] 15:26:06      -13.726714*       0.0174
BFGSLineSearch:   18[ 34] 15:26:07      -13.726803*       0.0308
BFGSLineSearch:   19[ 35] 15:26:07      -13.726820*       0.0145
BFGSLineSearch:   20[ 36] 15:26:07      -13.726825*       0.0035
BFGSLineSearch:   21[ 38] 15:26:07      -13.726826*       0.0051
BFGSLineSearch:   22[ 40] 15:26:08      -13.726826*       0.0020
BFGSLineSearch:   23[ 42] 15:26:08      -13.726826*       0.0016
BFGSLineSearch:   24[ 48] 15:26:09      -13.726826*       0.0011
---------------------
  #    meV     cm^-1
---------------------
  0   29.3i    236.0i
  1   12.5i    100.7i
  2    9.8      79.4
  3   17.9     144.2
  4   27.7     223.1
  5   35.2     283.9
  6  193.1    1557.6
  7  451.8    3643.8
  8  466.1    3759.4
---------------------
Zero-point energy: 0.601 eV
---------------------
  #    meV     cm^-1
---------------------
  0   29.3i    236.0i
  1   12.5i    100.7i
  2    9.8      79.4
  3   17.9     144.2
  4   27.7     223.1
  5   35.2     283.9
  6  193.1    1557.6
  7  451.8    3643.8
  8  466.1    3759.4
---------------------
Zero-point energy: 0.601 eV
---------------------
  #    meV     cm^-1
---------------------
  0   29.3i    236.0i
  1   12.5i    100.7i
  2    9.8      79.4
  3   17.9     144.2
  4   27.7     223.1
  5   35.2     283.9
  6  193.1    1557.6
  7  451.8    3643.8
  8  466.1    3759.4
---------------------
Zero-point energy: 0.601 eV
---------------------
  #    meV     cm^-1
---------------------
  0   29.3i    236.0i
  1   12.5i    100.7i
  2    9.8      79.4
  3   17.9     144.2
  4   27.7     223.1
  5   35.2     283.9
  6  193.1    1557.6
  7  451.8    3643.8
  8  466.1    3759.4
---------------------
Zero-point energy: 0.601 eV
---------------------
  #    meV     cm^-1
---------------------
  0   29.3i    236.0i
  1   12.5i    100.7i
  2    9.8      79.4
  3   17.9     144.2
  4   27.7     223.1
  5   35.2     283.9
  6  193.1    1557.6
  7  451.8    3643.8
  8  466.1    3759.4
---------------------
Zero-point energy: 0.601 eV
---------------------
  #    meV     cm^-1
---------------------
  0   29.3i    236.0i
  1   12.5i    100.7i
  2    9.8      79.4
  3   17.9     144.2
  4   27.7     223.1
  5   35.2     283.9
  6  193.1    1557.6
  7  451.8    3643.8
  8  466.1    3759.4
---------------------
Zero-point energy: 0.601 eV
---------------------
  #    meV     cm^-1
---------------------
  0   29.3i    236.0i
  1   12.5i    100.7i
  2    9.8      79.4
  3   17.9     144.2
  4   27.7     223.1
  5   35.2     283.9
  6  193.1    1557.6
  7  451.8    3643.8
  8  466.1    3759.4
---------------------
Zero-point energy: 0.601 eV
---------------------
  #    meV     cm^-1
---------------------
  0   29.3i    236.0i
  1   12.5i    100.7i
  2    9.8      79.4
  3   17.9     144.2
  4   27.7     223.1
  5   35.2     283.9
  6  193.1    1557.6
  7  451.8    3643.8
  8  466.1    3759.4
---------------------
Zero-point energy: 0.601 eV
---------------------
  #    meV     cm^-1
---------------------
  0   29.3i    236.0i
  1   12.5i    100.7i
  2    9.8      79.4
  3   17.9     144.2
  4   27.7     223.1
  5   35.2     283.9
  6  193.1    1557.6
  7  451.8    3643.8
  8  466.1    3759.4
---------------------
Zero-point energy: 0.601 eV
---------------------
  #    meV     cm^-1
---------------------
  0   29.3i    236.0i
  1   12.5i    100.7i
  2    9.8      79.4
  3   17.9     144.2
  4   27.7     223.1
  5   35.2     283.9
  6  193.1    1557.6
  7  451.8    3643.8
  8  466.1    3759.4
---------------------
Zero-point energy: 0.601 eV
---------------------
  #    meV     cm^-1
---------------------
  0   29.3i    236.0i
  1   12.5i    100.7i
  2    9.8      79.4
  3   17.9     144.2
  4   27.7     223.1
  5   35.2     283.9
  6  193.1    1557.6
  7  451.8    3643.8
  8  466.1    3759.4
---------------------
Zero-point energy: 0.601 eV
---------------------
  #    meV     cm^-1
---------------------
  0   29.3i    236.0i
  1   12.5i    100.7i
  2    9.8      79.4
  3   17.9     144.2
  4   27.7     223.1
  5   35.2     283.9
  6  193.1    1557.6
  7  451.8    3643.8
  8  466.1    3759.4
---------------------
Zero-point energy: 0.601 eV
---------------------
  #    meV     cm^-1
---------------------
  0   29.3i    236.0i
  1   12.5i    100.7i
  2    9.8      79.4
  3   17.9     144.2
  4   27.7     223.1
  5   35.2     283.9
  6  193.1    1557.6
  7  451.8    3643.8
  8  466.1    3759.4
---------------------
Zero-point energy: 0.601 eV
---------------------
  #    meV     cm^-1
---------------------
  0   29.3i    236.0i
  1   12.5i    100.7i
  2    9.8      79.4
  3   17.9     144.2
  4   27.7     223.1
  5   35.2     283.9
  6  193.1    1557.6
  7  451.8    3643.8
  8  466.1    3759.4
---------------------
Zero-point energy: 0.601 eV
---------------------
  #    meV     cm^-1
---------------------
  0   29.3i    236.0i
  1   12.5i    100.7i
  2    9.8      79.4
  3   17.9     144.2
  4   27.7     223.1
  5   35.2     283.9
  6  193.1    1557.6
  7  451.8    3643.8
  8  466.1    3759.4
---------------------
Zero-point energy: 0.601 eV
---------------------
  #    meV     cm^-1
---------------------
  0   29.3i    236.0i
  1   12.5i    100.7i
  2    9.8      79.4
  3   17.9     144.2
  4   27.7     223.1
  5   35.2     283.9
  6  193.1    1557.6
  7  451.8    3643.8
  8  466.1    3759.4
---------------------
Zero-point energy: 0.601 eV

------------------------------------------------------------
Sender: LSF System <lsfadmin@hpc.dtu.dk>
Subject: Job 15453543: <vibration_of_water.py> in cluster <dcc> Done

Job <vibration_of_water.py> was submitted from host <gbarlogin1> by user <s183553> in cluster <dcc> at Wed Mar  1 15:25:48 2023
Job was executed on host(s) <16*n-62-28-34>, in queue <hpc>, as user <s183553> in cluster <dcc> at Wed Mar  1 15:25:50 2023
</zhome/06/4/136859> was used as the home directory.
</zhome/06/4/136859/dft_course/CX4> was used as the working directory.
Started at Wed Mar  1 15:25:50 2023
Terminated at Wed Mar  1 15:26:10 2023
Results reported at Wed Mar  1 15:26:10 2023

Your job looked like:

------------------------------------------------------------
# LSBATCH: User input
#!/bin/bash -l
id=$LSB_JOBID
mq=/zhome/06/4/136859/dft_course/.myqueue/lsf-$id
source /zhome/06/4/136859/dft_venv/bin/activate
echo "venv: /zhome/06/4/136859/dft_venv/bin/activate"
(touch $mq-0 && \
 cd '/zhome/06/4/136859/dft_course/CX4' && \
 mpiexec python3 vibration_of_water.py && \
 touch $mq-1) || \
(touch $mq-2; exit 1)

------------------------------------------------------------

Successfully completed.

Resource usage summary:

    CPU time :                                   252.25 sec.
    Max Memory :                                 995 MB
    Average Memory :                             995.00 MB
    Total Requested Memory :                     98304.00 MB
    Delta Memory :                               97309.00 MB
    Max Swap :                                   -
    Max Processes :                              21
    Max Threads :                                73
    Run time :                                   22 sec.
    Turnaround time :                            22 sec.

The output (if any) is above this job summary.



PS:

Read file </zhome/06/4/136859/dft_course/CX4/vibration_of_water.py.15453543.err> for stderr output of this job.

