venv: /zhome/06/4/136859/dft_venv/bin/activate
[1677052526.515767] [n-62-28-30:22729:0]          ib_md.c:1063 UCX  WARN  IB: ibv_fork_init() was disabled or failed, yet a fork() has been issued.
[1677052526.515806] [n-62-28-30:22729:0]          ib_md.c:1064 UCX  WARN  IB: data corruption might occur when using registered memory.
N,e
[1677052527.523541] [n-62-28-30:22731:0]          ib_md.c:1063 UCX  WARN  IB: ibv_fork_init() was disabled or failed, yet a fork() has been issued.
[1677052527.523579] [n-62-28-30:22731:0]          ib_md.c:1064 UCX  WARN  IB: data corruption might occur when using registered memory.
[1677052527.555914] [n-62-28-30:22739:0]          ib_md.c:1063 UCX  WARN  IB: ibv_fork_init() was disabled or failed, yet a fork() has been issued.
[1677052527.555968] [n-62-28-30:22739:0]          ib_md.c:1064 UCX  WARN  IB: data corruption might occur when using registered memory.
[1677052527.557206] [n-62-28-30:22738:0]          ib_md.c:1063 UCX  WARN  IB: ibv_fork_init() was disabled or failed, yet a fork() has been issued.
[1677052527.557255] [n-62-28-30:22738:0]          ib_md.c:1064 UCX  WARN  IB: data corruption might occur when using registered memory.
[1677052527.557208] [n-62-28-30:22742:0]          ib_md.c:1063 UCX  WARN  IB: ibv_fork_init() was disabled or failed, yet a fork() has been issued.
[1677052527.557255] [n-62-28-30:22742:0]          ib_md.c:1064 UCX  WARN  IB: data corruption might occur when using registered memory.
[1677052527.557592] [n-62-28-30:22730:0]          ib_md.c:1063 UCX  WARN  IB: ibv_fork_init() was disabled or failed, yet a fork() has been issued.
[1677052527.557642] [n-62-28-30:22730:0]          ib_md.c:1064 UCX  WARN  IB: data corruption might occur when using registered memory.
[1677052527.557915] [n-62-28-30:22733:0]          ib_md.c:1063 UCX  WARN  IB: ibv_fork_init() was disabled or failed, yet a fork() has been issued.
[1677052527.557960] [n-62-28-30:22733:0]          ib_md.c:1064 UCX  WARN  IB: data corruption might occur when using registered memory.
[1677052527.557974] [n-62-28-30:22732:0]          ib_md.c:1063 UCX  WARN  IB: ibv_fork_init() was disabled or failed, yet a fork() has been issued.
[1677052527.558014] [n-62-28-30:22732:0]          ib_md.c:1064 UCX  WARN  IB: data corruption might occur when using registered memory.
[1677052527.558051] [n-62-28-30:22734:0]          ib_md.c:1063 UCX  WARN  IB: ibv_fork_init() was disabled or failed, yet a fork() has been issued.
[1677052527.558097] [n-62-28-30:22734:0]          ib_md.c:1064 UCX  WARN  IB: data corruption might occur when using registered memory.
[1677052527.558294] [n-62-28-30:22741:0]          ib_md.c:1063 UCX  WARN  IB: ibv_fork_init() was disabled or failed, yet a fork() has been issued.
[1677052527.558388] [n-62-28-30:22741:0]          ib_md.c:1064 UCX  WARN  IB: data corruption might occur when using registered memory.
[1677052527.559188] [n-62-28-30:22740:0]          ib_md.c:1063 UCX  WARN  IB: ibv_fork_init() was disabled or failed, yet a fork() has been issued.
[1677052527.559233] [n-62-28-30:22740:0]          ib_md.c:1064 UCX  WARN  IB: data corruption might occur when using registered memory.
[1677052527.563661] [n-62-28-30:22736:0]          ib_md.c:1063 UCX  WARN  IB: ibv_fork_init() was disabled or failed, yet a fork() has been issued.
[1677052527.563711] [n-62-28-30:22736:0]          ib_md.c:1064 UCX  WARN  IB: data corruption might occur when using registered memory.
N,e
N,e
N,e
N,e
N,e
N,e
N,e
N,e
N,e
N,e
N,e

------------------------------------------------------------
Sender: LSF System <lsfadmin@hpc.dtu.dk>
Subject: Job 15416949: <al_surface_tension.py> in cluster <dcc> Done

Job <al_surface_tension.py> was submitted from host <n-62-27-19> by user <s183553> in cluster <dcc> at Wed Feb 22 08:55:19 2023
Job was executed on host(s) <12*n-62-28-30>, in queue <hpc>, as user <s183553> in cluster <dcc> at Wed Feb 22 08:55:21 2023
</zhome/06/4/136859> was used as the home directory.
</zhome/06/4/136859/dft_course/CX3> was used as the working directory.
Started at Wed Feb 22 08:55:21 2023
Terminated at Wed Feb 22 08:56:39 2023
Results reported at Wed Feb 22 08:56:39 2023

Your job looked like:

------------------------------------------------------------
# LSBATCH: User input
#!/bin/bash -l
id=$LSB_JOBID
mq=/zhome/06/4/136859/dft_course/.myqueue/lsf-$id
source /zhome/06/4/136859/dft_venv/bin/activate
echo "venv: /zhome/06/4/136859/dft_venv/bin/activate"
(touch $mq-0 && \
 cd '/zhome/06/4/136859/dft_course/CX3' && \
 mpiexec python3 al_surface_tension.py && \
 touch $mq-1) || \
(touch $mq-2; exit 1)

------------------------------------------------------------

Successfully completed.

Resource usage summary:

    CPU time :                                   896.70 sec.
    Max Memory :                                 1411 MB
    Average Memory :                             1317.67 MB
    Total Requested Memory :                     73728.00 MB
    Delta Memory :                               72317.00 MB
    Max Swap :                                   -
    Max Processes :                              17
    Max Threads :                                57
    Run time :                                   78 sec.
    Turnaround time :                            80 sec.

The output (if any) is above this job summary.



PS:

Read file </zhome/06/4/136859/dft_course/CX3/al_surface_tension.py.15416949.err> for stderr output of this job.

