venv: /zhome/06/4/136859/dft_venv/bin/activate
[1678866363.245081] [n-62-29-17:3904 :0]          ib_md.c:1063 UCX  WARN  IB: ibv_fork_init() was disabled or failed, yet a fork() has been issued.
[1678866363.245121] [n-62-29-17:3904 :0]          ib_md.c:1064 UCX  WARN  IB: data corruption might occur when using registered memory.
[1678866364.140351] [n-62-29-17:3905 :0]          ib_md.c:1063 UCX  WARN  IB: ibv_fork_init() was disabled or failed, yet a fork() has been issued.
[1678866364.140392] [n-62-29-17:3905 :0]          ib_md.c:1064 UCX  WARN  IB: data corruption might occur when using registered memory.
[1678866364.140412] [n-62-29-17:3906 :0]          ib_md.c:1063 UCX  WARN  IB: ibv_fork_init() was disabled or failed, yet a fork() has been issued.
[1678866364.140442] [n-62-29-17:3906 :0]          ib_md.c:1064 UCX  WARN  IB: data corruption might occur when using registered memory.
[1678866364.140402] [n-62-29-17:3910 :0]          ib_md.c:1063 UCX  WARN  IB: ibv_fork_init() was disabled or failed, yet a fork() has been issued.
[1678866364.140434] [n-62-29-17:3910 :0]          ib_md.c:1064 UCX  WARN  IB: data corruption might occur when using registered memory.
[1678866364.140450] [n-62-29-17:3907 :0]          ib_md.c:1063 UCX  WARN  IB: ibv_fork_init() was disabled or failed, yet a fork() has been issued.
[1678866364.140488] [n-62-29-17:3907 :0]          ib_md.c:1064 UCX  WARN  IB: data corruption might occur when using registered memory.
[1678866364.140476] [n-62-29-17:3908 :0]          ib_md.c:1063 UCX  WARN  IB: ibv_fork_init() was disabled or failed, yet a fork() has been issued.
[1678866364.140507] [n-62-29-17:3908 :0]          ib_md.c:1064 UCX  WARN  IB: data corruption might occur when using registered memory.
[1678866364.141085] [n-62-29-17:3911 :0]          ib_md.c:1063 UCX  WARN  IB: ibv_fork_init() was disabled or failed, yet a fork() has been issued.
[1678866364.141159] [n-62-29-17:3911 :0]          ib_md.c:1064 UCX  WARN  IB: data corruption might occur when using registered memory.
[1678866364.142772] [n-62-29-17:3909 :0]          ib_md.c:1063 UCX  WARN  IB: ibv_fork_init() was disabled or failed, yet a fork() has been issued.
[1678866364.142812] [n-62-29-17:3909 :0]          ib_md.c:1064 UCX  WARN  IB: data corruption might occur when using registered memory.
[1678866364.144078] [n-62-29-17:3913 :0]          ib_md.c:1063 UCX  WARN  IB: ibv_fork_init() was disabled or failed, yet a fork() has been issued.
[1678866364.144122] [n-62-29-17:3913 :0]          ib_md.c:1064 UCX  WARN  IB: data corruption might occur when using registered memory.
[1678866364.144190] [n-62-29-17:3914 :0]          ib_md.c:1063 UCX  WARN  IB: ibv_fork_init() was disabled or failed, yet a fork() has been issued.
[1678866364.144227] [n-62-29-17:3914 :0]          ib_md.c:1064 UCX  WARN  IB: data corruption might occur when using registered memory.
[1678866364.144217] [n-62-29-17:3912 :0]          ib_md.c:1063 UCX  WARN  IB: ibv_fork_init() was disabled or failed, yet a fork() has been issued.
[1678866364.144249] [n-62-29-17:3912 :0]          ib_md.c:1064 UCX  WARN  IB: data corruption might occur when using registered memory.
[1678866364.151803] [n-62-29-17:3915 :0]          ib_md.c:1063 UCX  WARN  IB: ibv_fork_init() was disabled or failed, yet a fork() has been issued.
[1678866364.151855] [n-62-29-17:3915 :0]          ib_md.c:1064 UCX  WARN  IB: data corruption might occur when using registered memory.

------------------------------------------------------------
Sender: LSF System <lsfadmin@hpc.dtu.dk>
Subject: Job 15667360: <calc_of_dos_1.py> in cluster <dcc> Exited

Job <calc_of_dos_1.py> was submitted from host <n-62-30-3> by user <s183553> in cluster <dcc> at Wed Mar 15 08:45:56 2023
Job was executed on host(s) <12*n-62-29-17>, in queue <hpc>, as user <s183553> in cluster <dcc> at Wed Mar 15 08:45:57 2023
</zhome/06/4/136859> was used as the home directory.
</zhome/06/4/136859/dft_course/CX5/DOS> was used as the working directory.
Started at Wed Mar 15 08:45:57 2023
Terminated at Wed Mar 15 08:46:17 2023
Results reported at Wed Mar 15 08:46:17 2023

Your job looked like:

------------------------------------------------------------
# LSBATCH: User input
#!/bin/bash -l
id=$LSB_JOBID
mq=/zhome/06/4/136859/dft_course/.myqueue/lsf-$id
source /zhome/06/4/136859/dft_venv/bin/activate
echo "venv: /zhome/06/4/136859/dft_venv/bin/activate"
(touch $mq-0 && \
 cd '/zhome/06/4/136859/dft_course/CX5/DOS' && \
 mpiexec python3 calc_of_dos_1.py && \
 touch $mq-1) || \
(touch $mq-2; exit 1)

------------------------------------------------------------

Exited with exit code 1.

Resource usage summary:

    CPU time :                                   37.00 sec.
    Max Memory :                                 833 MB
    Average Memory :                             833.00 MB
    Total Requested Memory :                     73728.00 MB
    Delta Memory :                               72895.00 MB
    Max Swap :                                   -
    Max Processes :                              17
    Max Threads :                                57
    Run time :                                   57 sec.
    Turnaround time :                            21 sec.

The output (if any) is above this job summary.



PS:

Read file </zhome/06/4/136859/dft_course/CX5/DOS/calc_of_dos_1.py.15667360.err> for stderr output of this job.

