venv: /zhome/06/4/136859/dft_venv/bin/activate

------------------------------------------------------------
Sender: LSF System <lsfadmin@hpc.dtu.dk>
Subject: Job 15676758: <lcaos_plt.py> in cluster <dcc> Done

Job <lcaos_plt.py> was submitted from host <n-62-30-2> by user <s183553> in cluster <dcc> at Wed Mar 15 16:42:25 2023
Job was executed on host(s) <12*n-62-28-31>, in queue <hpc>, as user <s183553> in cluster <dcc> at Wed Mar 15 16:42:27 2023
</zhome/06/4/136859> was used as the home directory.
</zhome/06/4/136859/dft_course/CX5/DOS> was used as the working directory.
Started at Wed Mar 15 16:42:27 2023
Terminated at Wed Mar 15 16:42:37 2023
Results reported at Wed Mar 15 16:42:37 2023

Your job looked like:

------------------------------------------------------------
# LSBATCH: User input
#!/bin/bash -l
id=$LSB_JOBID
mq=/zhome/06/4/136859/dft_course/.myqueue/lsf-$id
source /zhome/06/4/136859/dft_venv/bin/activate
echo "venv: /zhome/06/4/136859/dft_venv/bin/activate"
(touch $mq-0 && \
 cd '/zhome/06/4/136859/dft_course/CX5/DOS' && \
 mpiexec python3 lcaos_plt.py && \
 touch $mq-1) || \
(touch $mq-2; exit 1)

------------------------------------------------------------

Successfully completed.

Resource usage summary:

    CPU time :                                   69.18 sec.
    Max Memory :                                 -
    Average Memory :                             -
    Total Requested Memory :                     73728.00 MB
    Delta Memory :                               -
    Max Swap :                                   -
    Max Processes :                              -
    Max Threads :                                -
    Run time :                                   95 sec.
    Turnaround time :                            12 sec.

The output (if any) is above this job summary.



PS:

Read file </zhome/06/4/136859/dft_course/CX5/DOS/lcaos_plt.py.15676758.err> for stderr output of this job.

