venv: /zhome/06/4/136859/dft_venv/bin/activate
[1678897511.553649] [n-62-28-31:22513:0]          ib_md.c:1063 UCX  WARN  IB: ibv_fork_init() was disabled or failed, yet a fork() has been issued.
[1678897511.553688] [n-62-28-31:22513:0]          ib_md.c:1064 UCX  WARN  IB: data corruption might occur when using registered memory.
[1678897511.914349] [n-62-28-31:22523:0]          ib_md.c:1063 UCX  WARN  IB: ibv_fork_init() was disabled or failed, yet a fork() has been issued.
[1678897511.914391] [n-62-28-31:22523:0]          ib_md.c:1064 UCX  WARN  IB: data corruption might occur when using registered memory.
[1678897511.915220] [n-62-28-31:22522:0]          ib_md.c:1063 UCX  WARN  IB: ibv_fork_init() was disabled or failed, yet a fork() has been issued.
[1678897511.915256] [n-62-28-31:22522:0]          ib_md.c:1064 UCX  WARN  IB: data corruption might occur when using registered memory.
[1678897511.916038] [n-62-28-31:22517:0]          ib_md.c:1063 UCX  WARN  IB: ibv_fork_init() was disabled or failed, yet a fork() has been issued.
[1678897511.916077] [n-62-28-31:22517:0]          ib_md.c:1064 UCX  WARN  IB: data corruption might occur when using registered memory.
[1678897511.916420] [n-62-28-31:22514:0]          ib_md.c:1063 UCX  WARN  IB: ibv_fork_init() was disabled or failed, yet a fork() has been issued.
[1678897511.916456] [n-62-28-31:22514:0]          ib_md.c:1064 UCX  WARN  IB: data corruption might occur when using registered memory.
[1678897511.916416] [n-62-28-31:22515:0]          ib_md.c:1063 UCX  WARN  IB: ibv_fork_init() was disabled or failed, yet a fork() has been issued.
[1678897511.916456] [n-62-28-31:22515:0]          ib_md.c:1064 UCX  WARN  IB: data corruption might occur when using registered memory.
[1678897511.916406] [n-62-28-31:22518:0]          ib_md.c:1063 UCX  WARN  IB: ibv_fork_init() was disabled or failed, yet a fork() has been issued.
[1678897511.916444] [n-62-28-31:22518:0]          ib_md.c:1064 UCX  WARN  IB: data corruption might occur when using registered memory.
[1678897511.916732] [n-62-28-31:22516:0]          ib_md.c:1063 UCX  WARN  IB: ibv_fork_init() was disabled or failed, yet a fork() has been issued.
[1678897511.916767] [n-62-28-31:22516:0]          ib_md.c:1064 UCX  WARN  IB: data corruption might occur when using registered memory.
[1678897511.916958] [n-62-28-31:22521:0]          ib_md.c:1063 UCX  WARN  IB: ibv_fork_init() was disabled or failed, yet a fork() has been issued.
[1678897511.916993] [n-62-28-31:22521:0]          ib_md.c:1064 UCX  WARN  IB: data corruption might occur when using registered memory.
[1678897511.918099] [n-62-28-31:22519:0]          ib_md.c:1063 UCX  WARN  IB: ibv_fork_init() was disabled or failed, yet a fork() has been issued.
[1678897511.918134] [n-62-28-31:22519:0]          ib_md.c:1064 UCX  WARN  IB: data corruption might occur when using registered memory.
[1678897511.918522] [n-62-28-31:22524:0]          ib_md.c:1063 UCX  WARN  IB: ibv_fork_init() was disabled or failed, yet a fork() has been issued.
[1678897511.918559] [n-62-28-31:22524:0]          ib_md.c:1064 UCX  WARN  IB: data corruption might occur when using registered memory.
[1678897511.921044] [n-62-28-31:22520:0]          ib_md.c:1063 UCX  WARN  IB: ibv_fork_init() was disabled or failed, yet a fork() has been issued.
[1678897511.921080] [n-62-28-31:22520:0]          ib_md.c:1064 UCX  WARN  IB: data corruption might occur when using registered memory.

------------------------------------------------------------
Sender: LSF System <lsfadmin@hpc.dtu.dk>
Subject: Job 15677314: <ag_lcao_dos.py> in cluster <dcc> Exited

Job <ag_lcao_dos.py> was submitted from host <n-62-30-2> by user <s183553> in cluster <dcc> at Wed Mar 15 17:25:05 2023
Job was executed on host(s) <12*n-62-28-31>, in queue <hpc>, as user <s183553> in cluster <dcc> at Wed Mar 15 17:25:07 2023
</zhome/06/4/136859> was used as the home directory.
</zhome/06/4/136859/dft_course/CX5> was used as the working directory.
Started at Wed Mar 15 17:25:07 2023
Terminated at Wed Mar 15 17:25:24 2023
Results reported at Wed Mar 15 17:25:24 2023

Your job looked like:

------------------------------------------------------------
# LSBATCH: User input
#!/bin/bash -l
id=$LSB_JOBID
mq=/zhome/06/4/136859/dft_course/.myqueue/lsf-$id
source /zhome/06/4/136859/dft_venv/bin/activate
echo "venv: /zhome/06/4/136859/dft_venv/bin/activate"
(touch $mq-0 && \
 cd '/zhome/06/4/136859/dft_course/CX5' && \
 mpiexec python3 ag_lcao_dos.py && \
 touch $mq-1) || \
(touch $mq-2; exit 1)

------------------------------------------------------------

Exited with exit code 1.

Resource usage summary:

    CPU time :                                   19.00 sec.
    Max Memory :                                 689 MB
    Average Memory :                             689.00 MB
    Total Requested Memory :                     73728.00 MB
    Delta Memory :                               73039.00 MB
    Max Swap :                                   -
    Max Processes :                              17
    Max Threads :                                57
    Run time :                                   68 sec.
    Turnaround time :                            19 sec.

The output (if any) is above this job summary.



PS:

Read file </zhome/06/4/136859/dft_course/CX5/ag_lcao_dos.py.15677314.err> for stderr output of this job.

