venv: /zhome/06/4/136859/dft_venv/bin/activate

------------------------------------------------------------
Sender: LSF System <lsfadmin@hpc.dtu.dk>
Subject: Job 15644787: <calc_of_eig_along_high_sym_including_spin_orbit.py.py> in cluster <dcc> Exited

Job <calc_of_eig_along_high_sym_including_spin_orbit.py.py> was submitted from host <n-62-27-17> by user <s183553> in cluster <dcc> at Tue Mar 14 14:20:30 2023
Job was executed on host(s) <12*n-62-28-27>, in queue <hpc>, as user <s183553> in cluster <dcc> at Tue Mar 14 14:20:30 2023
</zhome/06/4/136859> was used as the home directory.
</zhome/06/4/136859/dft_course/CX5> was used as the working directory.
Started at Tue Mar 14 14:20:30 2023
Terminated at Tue Mar 14 14:20:35 2023
Results reported at Tue Mar 14 14:20:35 2023

Your job looked like:

------------------------------------------------------------
# LSBATCH: User input
#!/bin/bash -l
id=$LSB_JOBID
mq=/zhome/06/4/136859/dft_course/.myqueue/lsf-$id
source /zhome/06/4/136859/dft_venv/bin/activate
echo "venv: /zhome/06/4/136859/dft_venv/bin/activate"
(touch $mq-0 && \
 cd '/zhome/06/4/136859/dft_course/CX5' && \
 mpiexec python3 calc_of_eig_along_high_sym_including_spin_orbit.py.py && \
 touch $mq-1) || \
(touch $mq-2; exit 1)

------------------------------------------------------------

Exited with exit code 1.

Resource usage summary:

    CPU time :                                   2.53 sec.
    Max Memory :                                 -
    Average Memory :                             -
    Total Requested Memory :                     73728.00 MB
    Delta Memory :                               -
    Max Swap :                                   -
    Max Processes :                              -
    Max Threads :                                -
    Run time :                                   5 sec.
    Turnaround time :                            5 sec.

The output (if any) is above this job summary.



PS:

Read file </zhome/06/4/136859/dft_course/CX5/calc_of_eig_along_high_sym_including_spin_orbit.py.py.15644787.err> for stderr output of this job.

