venv: /zhome/06/4/136859/dft_venv/bin/activate
[1678896223.166921] [n-62-28-31:18882:0]          ib_md.c:1063 UCX  WARN  IB: ibv_fork_init() was disabled or failed, yet a fork() has been issued.
[1678896223.166968] [n-62-28-31:18882:0]          ib_md.c:1064 UCX  WARN  IB: data corruption might occur when using registered memory.
[1678896223.535268] [n-62-28-31:18887:0]          ib_md.c:1063 UCX  WARN  IB: ibv_fork_init() was disabled or failed, yet a fork() has been issued.
[1678896223.535308] [n-62-28-31:18887:0]          ib_md.c:1064 UCX  WARN  IB: data corruption might occur when using registered memory.
[1678896223.535866] [n-62-28-31:18883:0]          ib_md.c:1063 UCX  WARN  IB: ibv_fork_init() was disabled or failed, yet a fork() has been issued.
[1678896223.535899] [n-62-28-31:18883:0]          ib_md.c:1064 UCX  WARN  IB: data corruption might occur when using registered memory.
[1678896223.535881] [n-62-28-31:18886:0]          ib_md.c:1063 UCX  WARN  IB: ibv_fork_init() was disabled or failed, yet a fork() has been issued.
[1678896223.535918] [n-62-28-31:18886:0]          ib_md.c:1064 UCX  WARN  IB: data corruption might occur when using registered memory.
[1678896223.536180] [n-62-28-31:18891:0]          ib_md.c:1063 UCX  WARN  IB: ibv_fork_init() was disabled or failed, yet a fork() has been issued.
[1678896223.536261] [n-62-28-31:18891:0]          ib_md.c:1064 UCX  WARN  IB: data corruption might occur when using registered memory.
[1678896223.536542] [n-62-28-31:18884:0]          ib_md.c:1063 UCX  WARN  IB: ibv_fork_init() was disabled or failed, yet a fork() has been issued.
[1678896223.536577] [n-62-28-31:18884:0]          ib_md.c:1064 UCX  WARN  IB: data corruption might occur when using registered memory.
[1678896223.537070] [n-62-28-31:18893:0]          ib_md.c:1063 UCX  WARN  IB: ibv_fork_init() was disabled or failed, yet a fork() has been issued.
[1678896223.537107] [n-62-28-31:18893:0]          ib_md.c:1064 UCX  WARN  IB: data corruption might occur when using registered memory.
[1678896223.541225] [n-62-28-31:18889:0]          ib_md.c:1063 UCX  WARN  IB: ibv_fork_init() was disabled or failed, yet a fork() has been issued.
[1678896223.541263] [n-62-28-31:18889:0]          ib_md.c:1064 UCX  WARN  IB: data corruption might occur when using registered memory.
[1678896223.545435] [n-62-28-31:18885:0]          ib_md.c:1063 UCX  WARN  IB: ibv_fork_init() was disabled or failed, yet a fork() has been issued.
[1678896223.545472] [n-62-28-31:18885:0]          ib_md.c:1064 UCX  WARN  IB: data corruption might occur when using registered memory.
[1678896223.545901] [n-62-28-31:18888:0]          ib_md.c:1063 UCX  WARN  IB: ibv_fork_init() was disabled or failed, yet a fork() has been issued.
[1678896223.545937] [n-62-28-31:18888:0]          ib_md.c:1064 UCX  WARN  IB: data corruption might occur when using registered memory.
[1678896223.544693] [n-62-28-31:18890:0]          ib_md.c:1063 UCX  WARN  IB: ibv_fork_init() was disabled or failed, yet a fork() has been issued.
[1678896223.544733] [n-62-28-31:18890:0]          ib_md.c:1064 UCX  WARN  IB: data corruption might occur when using registered memory.
[1678896223.545225] [n-62-28-31:18892:0]          ib_md.c:1063 UCX  WARN  IB: ibv_fork_init() was disabled or failed, yet a fork() has been issued.
[1678896223.545261] [n-62-28-31:18892:0]          ib_md.c:1064 UCX  WARN  IB: data corruption might occur when using registered memory.

------------------------------------------------------------
Sender: LSF System <lsfadmin@hpc.dtu.dk>
Subject: Job 15676840: <top_ag.py> in cluster <dcc> Done

Job <top_ag.py> was submitted from host <n-62-30-2> by user <s183553> in cluster <dcc> at Wed Mar 15 17:03:37 2023
Job was executed on host(s) <12*n-62-28-31>, in queue <hpc>, as user <s183553> in cluster <dcc> at Wed Mar 15 17:03:39 2023
</zhome/06/4/136859> was used as the home directory.
</zhome/06/4/136859/dft_course/CX5> was used as the working directory.
Started at Wed Mar 15 17:03:39 2023
Terminated at Wed Mar 15 17:03:57 2023
Results reported at Wed Mar 15 17:03:57 2023

Your job looked like:

------------------------------------------------------------
# LSBATCH: User input
#!/bin/bash -l
id=$LSB_JOBID
mq=/zhome/06/4/136859/dft_course/.myqueue/lsf-$id
source /zhome/06/4/136859/dft_venv/bin/activate
echo "venv: /zhome/06/4/136859/dft_venv/bin/activate"
(touch $mq-0 && \
 cd '/zhome/06/4/136859/dft_course/CX5' && \
 mpiexec python3 top_ag.py && \
 touch $mq-1) || \
(touch $mq-2; exit 1)

------------------------------------------------------------

Successfully completed.

Resource usage summary:

    CPU time :                                   181.00 sec.
    Max Memory :                                 977 MB
    Average Memory :                             977.00 MB
    Total Requested Memory :                     73728.00 MB
    Delta Memory :                               72751.00 MB
    Max Swap :                                   -
    Max Processes :                              17
    Max Threads :                                57
    Run time :                                   98 sec.
    Turnaround time :                            20 sec.

The output (if any) is above this job summary.



PS:

Read file </zhome/06/4/136859/dft_course/CX5/top_ag.py.15676840.err> for stderr output of this job.

